0.014782
0.014812
0.014812
0.014867
0.014943
0.014943
0.014952
0.014966
0.014982
0.015023
0.015023
0.015034
0.015124
0.015195
0.015231
0.015231
0.015231
0.015231
0.015288
0.015294
0.015300
0.015307
0.015323
0.015323
0.015323
0.015323
0.015344
0.015350
0.015353
0.015358
0.015365
0.015391
0.015393
0.015398
0.015403
0.015412
0.015412
0.015420
0.015420
0.015435
0.015435
0.015442
0.015442
0.015450
0.015457
0.015464
0.015471
0.015471
0.015477
0.015477
0.015483
0.015483
0.015484
0.015486
0.015491
0.015495
0.015498
0.015500
0.015504
0.015504
0.015506
0.015511
0.015514
0.015517
0.015517
0.015517
0.015519
0.015521
0.015523
0.015525
0.015526
0.015529
0.015529
0.015530
0.015533
0.015533
0.015534
0.015534
0.015536
0.015537
0.015538
0.015541
0.015541
0.015543
0.015543
0.015543
0.015544
0.015545
0.015546
0.015546
0.015547
0.015549
0.015549
0.015549
0.015550
0.015550
0.015550
0.015550
0.015550
0.015551
0.015551
0.015551
0.015551
0.015551
0.015552
0.015552
0.015552
0.015552
0.015552
0.015552
0.015552
0.015552
0.015552
0.015552
0.015552
0.015552
0.015552
0.015552
0.015552
0.015553
0.015553
0.015553
0.015553
0.015553
0.015553
0.015553
0.015553
0.015553
0.015553
0.015553
0.015553
0.015553
0.015553
0.015553
0.015553
0.015553
0.015553
0.015553
0.015553
0.015553
0.015553
0.015553
0.015553
0.015553
0.015553
0.015553
0.015553
0.015553
0.015553
0.015553
0.015553
0.015553
0.015553
0.015553
0.015553
0.015553
0.015553
0.015553
0.015553
0.015553
0.015553
0.015553
0.015553
0.015553
0.015553
0.015553
0.015553
0.015553
0.015553
0.015553
0.015553
0.015553
0.015553
0.015553
0.015553
0.015553
0.015553
0.015553
0.015553
0.015553
0.015553
0.015553
0.015553
0.015553
0.015553
0.015553
0.015553
0.015553
0.015553
0.015553
0.015553
0.015553
0.015553
0.015553
0.015553
0.015553
0.015553
0.015553
0.015553
0.015553
0.015553
0.015553
0.015553
0.015553
0.015553
0.015553
0.015553
0.015553
0.014780
0.014829
0.014883
0.014883
0.014949
0.014949
0.014967
0.015004
0.015004
0.015018
0.015038
0.015074
0.015085
0.015106
0.015114
0.015193
0.015217
0.015241
0.015248
0.015280
0.015323
0.015323
0.015325
0.015384
0.015384
0.015434
0.015434
0.015460
0.015460
0.015460
0.015466
0.015502
0.015507
0.015524
0.015544
0.015544
0.015552
0.015555
0.015573
0.015606
0.015606
0.015619
0.015628
0.015640
0.015640
0.015654
0.015669
0.015671
0.015686
0.015687
0.015710
0.015718
0.015718
0.015745
0.015746
0.015759
0.015761
0.015776
0.015789
0.015789
0.015800
0.015800
0.015800
0.015801
0.015811
0.015816
0.015816
0.015827
0.015830
0.015835
0.015851
0.015851
0.015856
0.015865
0.015881
0.015886
0.015886
0.015886
0.015887
0.015900
0.015907
0.015907
0.015907
0.015907
0.015914
0.015922
0.015922
0.015927
0.015927
0.015932
0.015938
0.015938
0.015940
0.015946
0.015950
0.015950
0.015953
0.015958
0.015958
0.015962
0.015962
0.015964
0.015966
0.015966
0.015970
0.015973
0.015978
0.015979
0.015979
0.015981
0.015981
0.015983
0.015986
0.015987
0.015987
0.015987
0.015989
0.015992
0.015992
0.015994
0.015995
0.015999
0.015999
0.016001
0.016002
0.016003
0.016003
0.016006
0.016007
0.016008
0.016008
0.016008
0.016008
0.016010
0.016011
0.016011
